0 info it worked if it ends with ok
1 verbose cli [ 'C:\\Program Files\\nodejs\\node.exe',
1 verbose cli   'C:\\Program Files\\nodejs\\node_modules\\npm\\bin\\npm-cli.js',
1 verbose cli   'run',
1 verbose cli   'lint' ]
2 info using npm@3.10.10
3 info using node@v6.10.2
4 verbose run-script [ 'prelint', 'lint', 'postlint' ]
5 info lifecycle tapestry-oneangular-template@0.0.1~prelint: tapestry-oneangular-template@0.0.1
6 silly lifecycle tapestry-oneangular-template@0.0.1~prelint: no script for prelint, continuing
7 info lifecycle tapestry-oneangular-template@0.0.1~lint: tapestry-oneangular-template@0.0.1
8 verbose lifecycle tapestry-oneangular-template@0.0.1~lint: unsafe-perm in lifecycle true
9 verbose lifecycle tapestry-oneangular-template@0.0.1~lint: PATH: C:\Program Files\nodejs\node_modules\npm\bin\node-gyp-bin;D:\cli-quickstart\node_modules\.bin;C:\ProgramData\Oracle\Java\javapath;C:\Windows\system32;C:\Windows;C:\Windows\System32\Wbem;C:\Windows\System32\WindowsPowerShell\v1.0\;C:\Program Files (x86)\Skype\Phone\;C:\Program Files\Microsoft SQL Server\130\Tools\Binn\;C:\Program Files (x86)\Microsoft ASP.NET\ASP.NET Web Pages\v1.0\;C:\Program Files\Microsoft SQL Server\110\Tools\Binn\;C:\Program Files (x86)\Google\Google Apps Sync\;C:\Program Files (x86)\Google\Google Apps Migration\;C:\Program Files\TortoiseSVN\bin;C:\Program Files\nodejs\;C:\Program Files\Microsoft\Web Platform Installer\;C:\Program Files\dotnet\;C:\Program Files (x86)\Microsoft SDKs\Azure\CLI\wbin;C:\Program Files (x86)\Microsoft VS Code\bin;C:\Users\krishnanand.sivaraj\AppData\Roaming\npm;C:\Program Files\Git\bin
10 verbose lifecycle tapestry-oneangular-template@0.0.1~lint: CWD: D:\cli-quickstart
11 silly lifecycle tapestry-oneangular-template@0.0.1~lint: Args: [ '/d /s /c', 'tslint ./src/**/*.ts -t verbose' ]
12 silly lifecycle tapestry-oneangular-template@0.0.1~lint: Returned: code: 2  signal: null
13 info lifecycle tapestry-oneangular-template@0.0.1~lint: Failed to exec lint script
14 verbose stack Error: tapestry-oneangular-template@0.0.1 lint: `tslint ./src/**/*.ts -t verbose`
14 verbose stack Exit status 2
14 verbose stack     at EventEmitter.<anonymous> (C:\Program Files\nodejs\node_modules\npm\lib\utils\lifecycle.js:255:16)
14 verbose stack     at emitTwo (events.js:106:13)
14 verbose stack     at EventEmitter.emit (events.js:191:7)
14 verbose stack     at ChildProcess.<anonymous> (C:\Program Files\nodejs\node_modules\npm\lib\utils\spawn.js:40:14)
14 verbose stack     at emitTwo (events.js:106:13)
14 verbose stack     at ChildProcess.emit (events.js:191:7)
14 verbose stack     at maybeClose (internal/child_process.js:886:16)
14 verbose stack     at Process.ChildProcess._handle.onexit (internal/child_process.js:226:5)
15 verbose pkgid tapestry-oneangular-template@0.0.1
16 verbose cwd D:\cli-quickstart\src
17 error Windows_NT 6.3.9600
18 error argv "C:\\Program Files\\nodejs\\node.exe" "C:\\Program Files\\nodejs\\node_modules\\npm\\bin\\npm-cli.js" "run" "lint"
19 error node v6.10.2
20 error npm  v3.10.10
21 error code ELIFECYCLE
22 error tapestry-oneangular-template@0.0.1 lint: `tslint ./src/**/*.ts -t verbose`
22 error Exit status 2
23 error Failed at the tapestry-oneangular-template@0.0.1 lint script 'tslint ./src/**/*.ts -t verbose'.
23 error Make sure you have the latest version of node.js and npm installed.
23 error If you do, this is most likely a problem with the tapestry-oneangular-template package,
23 error not with npm itself.
23 error Tell the author that this fails on your system:
23 error     tslint ./src/**/*.ts -t verbose
23 error You can get information on how to open an issue for this project with:
23 error     npm bugs tapestry-oneangular-template
23 error Or if that isn't available, you can get their info via:
23 error     npm owner ls tapestry-oneangular-template
23 error There is likely additional logging output above.
24 verbose exit [ 1, true ]
